# Logfile created on Sat Apr 10 13:33:57 +0300 2010

Processing UserSessionsController#new (for 127.0.0.1 at 2010-04-10 13:34:12) [GET]
  Parameters: {"action"=>"new", "controller"=>"user_sessions"}

ActiveRecord::StatementInvalid (Could not find table 'sessions'):
  authlogic (2.1.3) lib/authlogic/session/session.rb:48:in `session_credentials'
  authlogic (2.1.3) lib/authlogic/session/session.rb:33:in `persist_by_session'
  authlogic (2.1.3) lib/authlogic/session/callbacks.rb:79:in `persist'
  authlogic (2.1.3) lib/authlogic/session/persistence.rb:55:in `persisting?'
  authlogic (2.1.3) lib/authlogic/session/persistence.rb:39:in `find'
  app/controllers/application_controller.rb:12:in `current_user_session'
  app/controllers/application_controller.rb:17:in `current_user'
  app/controllers/application_controller.rb:30:in `require_no_user'

Rendered rescues/_trace (56.2ms)
Rendered rescues/_request_and_response (1.4ms)
Rendering rescues/layout (internal_server_error)
  [4;36;1mSQL (0.3ms)[0m   [0;1m SELECT name
 FROM sqlite_master
 WHERE type = 'table' AND NOT name = 'sqlite_sequence'
[0m
  [4;35;1mSQL (36.2ms)[0m   [0mselect sqlite_version(*)[0m
  [4;36;1mSQL (2.1ms)[0m   [0;1mCREATE TABLE "schema_migrations" ("version" varchar(255) NOT NULL) [0m
  [4;35;1mSQL (1.1ms)[0m   [0mCREATE UNIQUE INDEX "unique_schema_migrations" ON "schema_migrations" ("version")[0m
  [4;36;1mSQL (0.2ms)[0m   [0;1m SELECT name
 FROM sqlite_master
 WHERE type = 'table' AND NOT name = 'sqlite_sequence'
[0m
  [4;35;1mSQL (0.1ms)[0m   [0mSELECT version FROM schema_migrations[0m
Migrating to CreateUsers (20081103171327)
  [4;36;1mSQL (0.6ms)[0m   [0;1mCREATE TABLE "users" ("id" INTEGER PRIMARY KEY AUTOINCREMENT NOT NULL, "created_at" datetime, "updated_at" datetime, "login" varchar(255) NOT NULL, "crypted_password" varchar(255) NOT NULL, "password_salt" varchar(255) NOT NULL, "persistence_token" varchar(255) NOT NULL, "login_count" integer DEFAULT 0 NOT NULL, "last_request_at" datetime, "last_login_at" datetime, "current_login_at" datetime, "last_login_ip" varchar(255), "current_login_ip" varchar(255)) [0m
  [4;35;1mSQL (0.2ms)[0m   [0mCREATE INDEX "index_users_on_login" ON "users" ("login")[0m
  [4;36;1mSQL (0.1ms)[0m   [0;1mCREATE INDEX "index_users_on_persistence_token" ON "users" ("persistence_token")[0m
  [4;35;1mSQL (0.1ms)[0m   [0mCREATE INDEX "index_users_on_last_request_at" ON "users" ("last_request_at")[0m
  [4;36;1mSQL (0.1ms)[0m   [0;1mINSERT INTO schema_migrations (version) VALUES ('20081103171327')[0m
Migrating to CreateSessions (20081106072031)
  [4;35;1mSQL (0.4ms)[0m   [0mCREATE TABLE "sessions" ("id" INTEGER PRIMARY KEY AUTOINCREMENT NOT NULL, "session_id" varchar(255) NOT NULL, "data" text, "created_at" datetime, "updated_at" datetime) [0m
  [4;36;1mSQL (0.1ms)[0m   [0;1mCREATE INDEX "index_sessions_on_session_id" ON "sessions" ("session_id")[0m
  [4;35;1mSQL (0.1ms)[0m   [0mCREATE INDEX "index_sessions_on_updated_at" ON "sessions" ("updated_at")[0m
  [4;36;1mSQL (0.1ms)[0m   [0;1mINSERT INTO schema_migrations (version) VALUES ('20081106072031')[0m
  [4;35;1mSQL (0.3ms)[0m   [0m SELECT name
 FROM sqlite_master
 WHERE type = 'table' AND NOT name = 'sqlite_sequence'
[0m
  [4;36;1mSQL (0.2ms)[0m   [0;1mSELECT version FROM schema_migrations[0m
  [4;35;1mSQL (0.2ms)[0m   [0m SELECT name
 FROM sqlite_master
 WHERE type = 'table' AND NOT name = 'sqlite_sequence'
[0m
  [4;36;1mSQL (0.1ms)[0m   [0;1mPRAGMA index_list("sessions")[0m
  [4;35;1mSQL (0.1ms)[0m   [0mPRAGMA index_info('index_sessions_on_updated_at')[0m
  [4;36;1mSQL (0.1ms)[0m   [0;1mPRAGMA index_info('index_sessions_on_session_id')[0m
  [4;35;1mSQL (0.2ms)[0m   [0mPRAGMA index_list("users")[0m
  [4;36;1mSQL (0.1ms)[0m   [0;1mPRAGMA index_info('index_users_on_last_request_at')[0m
  [4;35;1mSQL (0.1ms)[0m   [0mPRAGMA index_info('index_users_on_persistence_token')[0m
  [4;36;1mSQL (0.1ms)[0m   [0;1mPRAGMA index_info('index_users_on_login')[0m


Processing UserSessionsController#new (for 127.0.0.1 at 2010-04-10 13:34:43) [GET]
  Parameters: {"action"=>"new", "controller"=>"user_sessions"}
Rendering template within layouts/application
Rendering user_sessions/new
  [4;36;1mSQL (0.3ms)[0m   [0;1mSELECT count(*) AS count_all FROM "users" WHERE (last_request_at > '2010-04-10 10:24:43') [0m
Completed in 204ms (View: 182, DB: 0) | 200 OK [http://localhost/]


Processing UsersController#new (for 127.0.0.1 at 2010-04-10 13:34:51) [GET]
  Parameters: {"action"=>"new", "controller"=>"users"}
Rendering template within layouts/application
Rendering users/new
Rendered users/_form (1.5ms)
  [4;35;1mSQL (0.3ms)[0m   [0mSELECT count(*) AS count_all FROM "users" WHERE (last_request_at > '2010-04-10 10:24:51') [0m
Completed in 204ms (View: 22, DB: 1) | 200 OK [http://localhost/account/new]


Processing UsersController#create (for 127.0.0.1 at 2010-04-10 13:35:01) [POST]
  Parameters: {"commit"=>"Register", "action"=>"create", "controller"=>"users", "user"=>{"password_confirmation"=>"[FILTERED]", "password"=>"[FILTERED]", "login"=>"medis"}}
  [4;36;1mUser Exists (0.4ms)[0m   [0;1mSELECT "users".id FROM "users" WHERE (LOWER("users"."login") = 'medis') LIMIT 1[0m
  [4;35;1mUser Exists (0.2ms)[0m   [0mSELECT "users".id FROM "users" WHERE ("users"."persistence_token" = '134bf5abd2a2b22925d5f918227c901faf3deaa6f0906e4a04e6987fc5d3178eb6a6b11f579f11c4af4877bd3d48f376c4f6fb3d2bde80c5d89b86e308524a83') LIMIT 1[0m
  [4;36;1mUser Create (1.4ms)[0m   [0;1mINSERT INTO "users" ("created_at", "last_request_at", "crypted_password", "updated_at", "current_login_ip", "password_salt", "current_login_at", "persistence_token", "login_count", "last_login_ip", "login", "last_login_at") VALUES('2010-04-10 10:35:01', '2010-04-10 10:35:01', 'c44cfbef2b512b15a88a5a281b91b367782e147d104157764de4e7e3e27accbc7f44b9d898f4d17d81d73d5ffa1e081f3f87c5eb51e7eedd2b526dbc683e3655', '2010-04-10 10:35:01', '127.0.0.1', 'hGafSKdbNrJZ1BCH15rK', '2010-04-10 10:35:01', '134bf5abd2a2b22925d5f918227c901faf3deaa6f0906e4a04e6987fc5d3178eb6a6b11f579f11c4af4877bd3d48f376c4f6fb3d2bde80c5d89b86e308524a83', 1, NULL, 'medis', NULL)[0m
Redirected to http://localhost:3000/account
Completed in 332ms (DB: 3) | 302 Found [http://localhost/account]


Processing UsersController#show (for 127.0.0.1 at 2010-04-10 13:35:01) [GET]
  Parameters: {"action"=>"show", "controller"=>"users"}
  [4;35;1mUser Load (0.7ms)[0m   [0mSELECT * FROM "users" WHERE ("users"."persistence_token" = '134bf5abd2a2b22925d5f918227c901faf3deaa6f0906e4a04e6987fc5d3178eb6a6b11f579f11c4af4877bd3d48f376c4f6fb3d2bde80c5d89b86e308524a83') LIMIT 1[0m
  [4;36;1mUser Update (1.0ms)[0m   [0;1mUPDATE "users" SET "updated_at" = '2010-04-10 10:35:01', "last_request_at" = '2010-04-10 10:35:01' WHERE "id" = 1[0m
Rendering template within layouts/application
Rendering users/show
  [4;35;1mSQL (0.3ms)[0m   [0mSELECT count(*) AS count_all FROM "users" WHERE (last_request_at > '2010-04-10 10:25:01') [0m
Completed in 133ms (View: 8, DB: 2) | 200 OK [http://localhost/account]


Processing UserSessionsController#destroy (for 127.0.0.1 at 2010-04-10 13:35:11) [DELETE]
  Parameters: {"action"=>"destroy", "_method"=>"delete", "controller"=>"user_sessions"}
  [4;36;1mUser Load (1.0ms)[0m   [0;1mSELECT * FROM "users" WHERE ("users"."persistence_token" = '134bf5abd2a2b22925d5f918227c901faf3deaa6f0906e4a04e6987fc5d3178eb6a6b11f579f11c4af4877bd3d48f376c4f6fb3d2bde80c5d89b86e308524a83') LIMIT 1[0m
  [4;35;1mUser Update (34.7ms)[0m   [0mUPDATE "users" SET "updated_at" = '2010-04-10 10:35:11', "last_request_at" = '2010-04-10 10:35:11' WHERE "id" = 1[0m
Redirected to http://localhost:3000/user_session/new
Completed in 279ms (DB: 36) | 302 Found [http://localhost/user_session]


Processing UserSessionsController#new (for 127.0.0.1 at 2010-04-10 13:35:11) [GET]
  Parameters: {"action"=>"new", "controller"=>"user_sessions"}
Rendering template within layouts/application
Rendering user_sessions/new
  [4;36;1mSQL (0.3ms)[0m   [0;1mSELECT count(*) AS count_all FROM "users" WHERE (last_request_at > '2010-04-10 10:25:11') [0m
Completed in 27ms (View: 6, DB: 1) | 200 OK [http://localhost/user_session/new]
